<?xml version="1.0" encoding="UTF-8"?>
<!-- Generated by org.testng.reporters.JUnitReportReporter -->
<testsuite hostname="DESKTOP-4L5HLC9" failures="0" tests="1" name="org.treebo.practice.TC_3Test" time="4.883" errors="0" timestamp="2022-09-15T10:58:28 IST" skipped="0">
  <testcase classname="org.treebo.practice.TC_3Test" name="tc_3" time="4.883"/>
  <system-out/>
</testsuite> <!-- org.treebo.practice.TC_3Test -->
